<?xml version="1.0" encoding="UTF-8"?>
<!-- Generated by org.testng.reporters.JUnitReportReporter -->
<testsuite skipped="0" hostname="DESKTOP-43VPLR2" name="MAVEN_PROJECT.Maven1.Browser_Launch" tests="1" failures="0" timestamp="2023-03-03T20:11:57 IST" time="12.065" errors="0">
  <testcase name="launch" time="12.065" classname="MAVEN_PROJECT.Maven1.Browser_Launch"/>
  <system-out/>
</testsuite> <!-- MAVEN_PROJECT.Maven1.Browser_Launch -->
