<?xml version="1.0" encoding="UTF-8"?>
<!-- Generated by org.testng.reporters.JUnitReportReporter -->
<testsuite skipped="0" hostname="DESKTOP-43VPLR2" name="com.TestNG.Basic_TestNG" tests="1" failures="0" timestamp="2023-03-05T11:39:27 IST" time="0.005" errors="0">
  <testcase name="data" time="0.005" classname="com.TestNG.Basic_TestNG"/>
  <system-out/>
</testsuite> <!-- com.TestNG.Basic_TestNG -->
