<?xml version="1.0" encoding="UTF-8"?>
<!-- Generated by org.testng.reporters.JUnitReportReporter -->
<testsuite skipped="1" hostname="DESKTOP-43VPLR2" name="TestNG.Basics" tests="3" failures="0" timestamp="2023-03-06T13:23:22 IST" time="0.007" errors="0">
  <testcase name="data" time="0.001" classname="TestNG.Basics"/>
  <system-out/>
  <testcase name="chemist" time="0.006" classname="TestNG.Basics"/>
  <system-out/>
  <testcase name="driven" classname="TestNG.Basics">
    <skipped/>
  </testcase> <!-- driven -->
  <system-out/>
</testsuite> <!-- TestNG.Basics -->
